<!DOCTYPE html PUBLIC "-//W3C//DTD XHTML 1.1//EN" "http://www.w3.org/TR/xhtml11/DTD/xhtml11.dtd">
<html xmlns="http://www.w3.org/1999/xhtml"><head><title>TestNG Report</title><style type="text/css">table {margin-bottom:10px;border-collapse:collapse;empty-cells:show}th,td {border:1px solid #009;padding:.25em .5em}th {vertical-align:bottom}td {vertical-align:top}table a {font-weight:bold}.stripe td {background-color: #E6EBF9}.num {text-align:right}.passedodd td {background-color: #3F3}.passedeven td {background-color: #0A0}.skippedodd td {background-color: #DDD}.skippedeven td {background-color: #CCC}.failedodd td,.attn {background-color: #F33}.failedeven td,.stripe .attn {background-color: #D00}.stacktrace {white-space:pre;font-family:monospace}.totop {font-size:85%;text-align:center;border-bottom:2px solid #000}</style></head><body><table><tr><th>Test</th><th># Passed</th><th># Skipped</th><th># Failed</th><th>Time (ms)</th><th>Included Groups</th><th>Excluded Groups</th></tr><tr><th colspan="7">Testng POM Pattern Test Automation Suite</th></tr><tr><td><a href="#t0">Different pages feature Test</a></td><td class="num">10</td><td class="num attn">1</td><td class="num attn">2</td><td class="num">145,882</td><td></td><td></td></tr></table><table id='summary'><thead><tr><th>Class</th><th>Method</th><th>Start</th><th>Time (ms)</th></tr></thead><tbody><tr><th colspan="4">Testng POM Pattern Test Automation Suite</th></tr></tbody><tbody id="t0"><tr><th colspan="4">Different pages feature Test &#8212; failed (configuration methods)</th></tr><tr class="failedeven"><td rowspan="1">com.eportal.qa.testcases.HomePageTest</td><td><a href="#m0">setUp</a></td><td rowspan="1">1622310198271</td><td rowspan="1">4795</td></tr><tr><th colspan="4">Different pages feature Test &#8212; failed</th></tr><tr class="failedeven"><td rowspan="2">com.eportal.qa.testcases.ContactsPageTest</td><td><a href="#m1">ValidateifContactsLabelpresent</a></td><td rowspan="1">1622310164010</td><td rowspan="1">30088</td></tr><tr class="failedeven"><td><a href="#m2">validateclickoncontactstable</a></td><td rowspan="1">1622310220671</td><td rowspan="1">1570</td></tr><tr><th colspan="4">Different pages feature Test &#8212; skipped</th></tr><tr class="skippedeven"><td rowspan="1">com.eportal.qa.testcases.HomePageTest</td><td><a href="#m3">ValidateContactsClick</a></td><td rowspan="1">1622310203068</td><td rowspan="1">0</td></tr><tr><th colspan="4">Different pages feature Test &#8212; passed</th></tr><tr class="passedeven"><td rowspan="2">com.eportal.qa.testcases.ContactsPageTest</td><td><a href="#m4">ValidateClickOnCreatNewcontact</a></td><td rowspan="1">1622310211816</td><td rowspan="1">161</td></tr><tr class="passedeven"><td><a href="#m5">ValidateContactsPageTitleTest</a></td><td rowspan="1">1622310107370</td><td rowspan="1">11</td></tr><tr class="passedodd"><td rowspan="3">com.eportal.qa.testcases.CreateNewContactTest</td><td><a href="#m6">createnewaccount</a></td><td rowspan="3">1622310135084</td><td rowspan="3">1667</td></tr><tr class="passedodd"><td><a href="#m7">createnewaccount</a></td></tr><tr class="passedodd"><td><a href="#m8">createnewaccount</a></td></tr><tr class="passedeven"><td rowspan="2">com.eportal.qa.testcases.HomePageTest</td><td><a href="#m9">ValidateHomePageTitleTest</a></td><td rowspan="1">1622310092946</td><td rowspan="1">5</td></tr><tr class="passedeven"><td><a href="#m10">ValidateUserNameLabel</a></td><td rowspan="1">1622310154720</td><td rowspan="1">1472</td></tr><tr class="passedodd"><td rowspan="3">com.eportal.qa.testcases.LoginPageTest</td><td><a href="#m11">ValidateForgotPasswordLink</a></td><td rowspan="1">1622310149234</td><td rowspan="1">952</td></tr><tr class="passedodd"><td><a href="#m12">ValidateLoginFunctionality</a></td><td rowspan="1">1622310196482</td><td rowspan="1">1126</td></tr><tr class="passedodd"><td><a href="#m13">ValidateTitle</a></td><td rowspan="1">1622310079876</td><td rowspan="1">64</td></tr></tbody></table><h2>Different pages feature Test</h2><h3 id="m0">com.eportal.qa.testcases.HomePageTest#setUp</h3><table class="result"><tr><th>Exception</th></tr><tr><td><div class="stacktrace">java.lang.NullPointerException: Cannot invoke &quot;Object.getClass()&quot; because &quot;obj&quot; is null
	at org.openqa.selenium.support.pagefactory.internal.LocatingElementHandler.invoke(LocatingElementHandler.java:51)
	at com.sun.proxy.$Proxy14.sendKeys(Unknown Source)
	at com.eportal.qa.pages.LoginPage.Login(LoginPage.java:48)
	at com.eportal.qa.testcases.HomePageTest.setUp(HomePageTest.java:32)
... Removed 28 stack frames</div></td></tr></table><p class="totop"><a href="#summary">back to summary</a></p><h3 id="m1">com.eportal.qa.testcases.ContactsPageTest#ValidateifContactsLabelpresent</h3><table class="result"><tr><th>Exception</th></tr><tr><td><div class="stacktrace">org.openqa.selenium.NoSuchElementException: no such element: Unable to locate element: {&quot;method&quot;:&quot;xpath&quot;,&quot;selector&quot;:&quot;//div[@class=&apos;ui loader&apos;]//parent::div[contains(text(),&apos;Contacts&apos;)]&quot;}
  (Session info: chrome=91.0.4472.77)
For documentation on this error, please visit: http://seleniumhq.org/exceptions/no_such_element.html
Build info: version: &apos;3.14.0&apos;, revision: &apos;aacccce0&apos;, time: &apos;2018-08-02T20:19:58.91Z&apos;
System info: host: &apos;DESKTOP-4K45F5E&apos;, ip: &apos;192.168.1.7&apos;, os.name: &apos;Windows 10&apos;, os.arch: &apos;amd64&apos;, os.version: &apos;10.0&apos;, java.version: &apos;15.0.2&apos;
Driver info: org.openqa.selenium.chrome.ChromeDriver
Capabilities {acceptInsecureCerts: false, browserName: chrome, browserVersion: 91.0.4472.77, chrome: {chromedriverVersion: 90.0.4430.24 (4c6d850f087da..., userDataDir: C:\Users\RITUGA~1\AppData\L...}, goog:chromeOptions: {debuggerAddress: localhost:50116}, javascriptEnabled: true, networkConnectionEnabled: false, pageLoadStrategy: normal, platform: WINDOWS, platformName: WINDOWS, proxy: Proxy(), setWindowRect: true, strictFileInteractability: false, timeouts: {implicit: 0, pageLoad: 300000, script: 30000}, unhandledPromptBehavior: dismiss and notify, webauthn:extension:largeBlob: true, webauthn:virtualAuthenticators: true}
Session ID: 2159df6827c16d76d0ffe564e66e0160
*** Element info: {Using=xpath, value=//div[@class=&apos;ui loader&apos;]//parent::div[contains(text(),&apos;Contacts&apos;)]}
	at org.openqa.selenium.remote.http.W3CHttpResponseCodec.createException(W3CHttpResponseCodec.java:187)
	at org.openqa.selenium.remote.http.W3CHttpResponseCodec.decode(W3CHttpResponseCodec.java:122)
	at org.openqa.selenium.remote.http.W3CHttpResponseCodec.decode(W3CHttpResponseCodec.java:49)
	at org.openqa.selenium.remote.HttpCommandExecutor.execute(HttpCommandExecutor.java:158)
	at org.openqa.selenium.remote.service.DriverCommandExecutor.execute(DriverCommandExecutor.java:83)
	at org.openqa.selenium.remote.RemoteWebDriver.execute(RemoteWebDriver.java:548)
	at org.openqa.selenium.remote.RemoteWebDriver.findElement(RemoteWebDriver.java:322)
	at org.openqa.selenium.remote.RemoteWebDriver.findElementByXPath(RemoteWebDriver.java:424)
	at org.openqa.selenium.By$ByXPath.findElement(By.java:353)
	at org.openqa.selenium.remote.RemoteWebDriver.findElement(RemoteWebDriver.java:314)
	at org.openqa.selenium.support.pagefactory.DefaultElementLocator.findElement(DefaultElementLocator.java:69)
	at org.openqa.selenium.support.pagefactory.internal.LocatingElementHandler.invoke(LocatingElementHandler.java:38)
	at com.sun.proxy.$Proxy14.isDisplayed(Unknown Source)
	at com.eportal.qa.pages.ContactsPage.getContactsLabel(ContactsPage.java:36)
	at com.eportal.qa.testcases.ContactsPageTest.ValidateifContactsLabelpresent(ContactsPageTest.java:51)
... Removed 30 stack frames</div></td></tr></table><p class="totop"><a href="#summary">back to summary</a></p><h3 id="m2">com.eportal.qa.testcases.ContactsPageTest#validateclickoncontactstable</h3><table class="result"><tr><th>Exception</th></tr><tr><td><div class="stacktrace">org.openqa.selenium.ElementClickInterceptedException: element click intercepted: Element &lt;input class=&quot;hidden&quot; name=&quot;id&quot; readonly=&quot;&quot; tabindex=&quot;0&quot; type=&quot;checkbox&quot; value=&quot;&quot;&gt; is not clickable at point (69, 298). Other element would receive the click: &lt;label&gt;&lt;/label&gt;
  (Session info: chrome=91.0.4472.77)
Build info: version: &apos;3.14.0&apos;, revision: &apos;aacccce0&apos;, time: &apos;2018-08-02T20:19:58.91Z&apos;
System info: host: &apos;DESKTOP-4K45F5E&apos;, ip: &apos;192.168.1.7&apos;, os.name: &apos;Windows 10&apos;, os.arch: &apos;amd64&apos;, os.version: &apos;10.0&apos;, java.version: &apos;15.0.2&apos;
Driver info: org.openqa.selenium.chrome.ChromeDriver
Capabilities {acceptInsecureCerts: false, browserName: chrome, browserVersion: 91.0.4472.77, chrome: {chromedriverVersion: 90.0.4430.24 (4c6d850f087da..., userDataDir: C:\Users\RITUGA~1\AppData\L...}, goog:chromeOptions: {debuggerAddress: localhost:53847}, javascriptEnabled: true, networkConnectionEnabled: false, pageLoadStrategy: normal, platform: WINDOWS, platformName: WINDOWS, proxy: Proxy(), setWindowRect: true, strictFileInteractability: false, timeouts: {implicit: 0, pageLoad: 300000, script: 30000}, unhandledPromptBehavior: dismiss and notify, webauthn:extension:largeBlob: true, webauthn:virtualAuthenticators: true}
Session ID: e147aaab857aeb276eca5ec285021c2e
	at org.openqa.selenium.remote.http.W3CHttpResponseCodec.createException(W3CHttpResponseCodec.java:187)
	at org.openqa.selenium.remote.http.W3CHttpResponseCodec.decode(W3CHttpResponseCodec.java:122)
	at org.openqa.selenium.remote.http.W3CHttpResponseCodec.decode(W3CHttpResponseCodec.java:49)
	at org.openqa.selenium.remote.HttpCommandExecutor.execute(HttpCommandExecutor.java:158)
	at org.openqa.selenium.remote.service.DriverCommandExecutor.execute(DriverCommandExecutor.java:83)
	at org.openqa.selenium.remote.RemoteWebDriver.execute(RemoteWebDriver.java:548)
	at org.openqa.selenium.remote.RemoteWebElement.execute(RemoteWebElement.java:276)
	at org.openqa.selenium.remote.RemoteWebElement.click(RemoteWebElement.java:83)
	at com.eportal.qa.pages.ContactsPage.selectContactsByName(ContactsPage.java:41)
	at com.eportal.qa.testcases.ContactsPageTest.validateclickoncontactstable(ContactsPageTest.java:58)
... Removed 30 stack frames</div></td></tr></table><p class="totop"><a href="#summary">back to summary</a></p><h3 id="m3">com.eportal.qa.testcases.HomePageTest#ValidateContactsClick</h3><table class="result"><tr><th>Exception</th></tr><tr><td><div class="stacktrace">java.lang.NullPointerException: Cannot invoke &quot;Object.getClass()&quot; because &quot;obj&quot; is null
	at org.openqa.selenium.support.pagefactory.internal.LocatingElementHandler.invoke(LocatingElementHandler.java:51)
	at com.sun.proxy.$Proxy14.sendKeys(Unknown Source)
	at com.eportal.qa.pages.LoginPage.Login(LoginPage.java:48)
	at com.eportal.qa.testcases.HomePageTest.setUp(HomePageTest.java:32)
... Removed 28 stack frames</div></td></tr></table><p class="totop"><a href="#summary">back to summary</a></p><h3 id="m4">com.eportal.qa.testcases.ContactsPageTest#ValidateClickOnCreatNewcontact</h3><table class="result"></table><p class="totop"><a href="#summary">back to summary</a></p><h3 id="m5">com.eportal.qa.testcases.ContactsPageTest#ValidateContactsPageTitleTest</h3><table class="result"></table><p class="totop"><a href="#summary">back to summary</a></p><h3 id="m6">com.eportal.qa.testcases.CreateNewContactTest#createnewaccount</h3><table class="result"><tr class="param"><th>Parameter #1</th><th>Parameter #2</th><th>Parameter #3</th><th>Parameter #4</th><th>Parameter #5</th></tr><tr class="param stripe"><td>Ram</td><td>shyam</td><td>kam</td><td>ramshyam@gmail.com</td><td>MBA</td></tr></table><p class="totop"><a href="#summary">back to summary</a></p><h3 id="m7">com.eportal.qa.testcases.CreateNewContactTest#createnewaccount</h3><table class="result"><tr class="param"><th>Parameter #1</th><th>Parameter #2</th><th>Parameter #3</th><th>Parameter #4</th><th>Parameter #5</th></tr><tr class="param stripe"><td>rashi</td><td>khan</td><td>ali</td><td>rashik@gmail.com</td><td>Btech</td></tr></table><p class="totop"><a href="#summary">back to summary</a></p><h3 id="m8">com.eportal.qa.testcases.CreateNewContactTest#createnewaccount</h3><table class="result"><tr class="param"><th>Parameter #1</th><th>Parameter #2</th><th>Parameter #3</th><th>Parameter #4</th><th>Parameter #5</th></tr><tr class="param stripe"><td>tom</td><td>peter</td><td>beta</td><td>tompeter@gmail.com</td><td>BSC</td></tr></table><p class="totop"><a href="#summary">back to summary</a></p><h3 id="m9">com.eportal.qa.testcases.HomePageTest#ValidateHomePageTitleTest</h3><table class="result"></table><p class="totop"><a href="#summary">back to summary</a></p><h3 id="m10">com.eportal.qa.testcases.HomePageTest#ValidateUserNameLabel</h3><table class="result"></table><p class="totop"><a href="#summary">back to summary</a></p><h3 id="m11">com.eportal.qa.testcases.LoginPageTest#ValidateForgotPasswordLink</h3><table class="result"></table><p class="totop"><a href="#summary">back to summary</a></p><h3 id="m12">com.eportal.qa.testcases.LoginPageTest#ValidateLoginFunctionality</h3><table class="result"></table><p class="totop"><a href="#summary">back to summary</a></p><h3 id="m13">com.eportal.qa.testcases.LoginPageTest#ValidateTitle</h3><table class="result"></table><p class="totop"><a href="#summary">back to summary</a></p></body></html>