<?xml version="1.0" encoding="UTF-8"?>
<!-- Generated by org.testng.reporters.JUnitXMLReporter -->
<testsuite ignored="0" hostname="DESKTOP-4K45F5E" failures="2" tests="13" name="Different pages feature Test" time="145.882" errors="0" timestamp="29 May 2021 17:43:42 GMT">
  <testcase classname="com.eportal.qa.testcases.HomePageTest" name="@BeforeMethod setUp" time="4.795">
    <failure type="java.lang.NullPointerException" message="Cannot invoke &amp;quot;Object.getClass()&amp;quot; because &amp;quot;obj&amp;quot; is null">
      <![CDATA[java.lang.NullPointerException: Cannot invoke "Object.getClass()" because "obj" is null
	at org.openqa.selenium.support.pagefactory.internal.LocatingElementHandler.invoke(LocatingElementHandler.java:51)
	at com.sun.proxy.$Proxy14.sendKeys(Unknown Source)
	at com.eportal.qa.pages.LoginPage.Login(LoginPage.java:48)
	at com.eportal.qa.testcases.HomePageTest.setUp(HomePageTest.java:32)
... Removed 28 stack frames]]>
    </failure>
  </testcase> <!-- @BeforeMethod setUp -->
  <testcase classname="com.eportal.qa.testcases.LoginPageTest" name="ValidateTitle" time="0.064"/>
  <testcase classname="com.eportal.qa.testcases.HomePageTest" name="ValidateHomePageTitleTest" time="0.005"/>
  <testcase classname="com.eportal.qa.testcases.ContactsPageTest" name="ValidateContactsPageTitleTest" time="0.011"/>
  <testcase classname="com.eportal.qa.testcases.CreateNewContactTest" name="createnewaccount" time="1.662"/>
  <testcase classname="com.eportal.qa.testcases.CreateNewContactTest" name="createnewaccount" time="1.667"/>
  <testcase classname="com.eportal.qa.testcases.CreateNewContactTest" name="createnewaccount" time="1.615"/>
  <testcase classname="com.eportal.qa.testcases.LoginPageTest" name="ValidateForgotPasswordLink" time="0.952"/>
  <testcase classname="com.eportal.qa.testcases.HomePageTest" name="ValidateUserNameLabel" time="1.472"/>
  <testcase classname="com.eportal.qa.testcases.ContactsPageTest" name="ValidateifContactsLabelpresent" time="30.088">
    <failure type="org.openqa.selenium.NoSuchElementException" message="no such element: Unable to locate element: {&amp;quot;method&amp;quot;:&amp;quot;xpath&amp;quot;,&amp;quot;selector&amp;quot;:&amp;quot;//div[@class=&amp;apos;ui loader&amp;apos;]//parent::div[contains(text(),&amp;apos;Contacts&amp;apos;)]&amp;quot;}
  (Session info: chrome=91.0.4472.77)
For documentation on this error, please visit: http://seleniumhq.org/exceptions/no_such_element.html
Build info: version: &amp;apos;3.14.0&amp;apos;, revision: &amp;apos;aacccce0&amp;apos;, time: &amp;apos;2018-08-02T20:19:58.91Z&amp;apos;
System info: host: &amp;apos;DESKTOP-4K45F5E&amp;apos;, ip: &amp;apos;192.168.1.7&amp;apos;, os.name: &amp;apos;Windows 10&amp;apos;, os.arch: &amp;apos;amd64&amp;apos;, os.version: &amp;apos;10.0&amp;apos;, java.version: &amp;apos;15.0.2&amp;apos;
Driver info: org.openqa.selenium.chrome.ChromeDriver
Capabilities {acceptInsecureCerts: false, browserName: chrome, browserVersion: 91.0.4472.77, chrome: {chromedriverVersion: 90.0.4430.24 (4c6d850f087da..., userDataDir: C:\Users\RITUGA~1\AppData\L...}, goog:chromeOptions: {debuggerAddress: localhost:50116}, javascriptEnabled: true, networkConnectionEnabled: false, pageLoadStrategy: normal, platform: WINDOWS, platformName: WINDOWS, proxy: Proxy(), setWindowRect: true, strictFileInteractability: false, timeouts: {implicit: 0, pageLoad: 300000, script: 30000}, unhandledPromptBehavior: dismiss and notify, webauthn:extension:largeBlob: true, webauthn:virtualAuthenticators: true}
Session ID: 2159df6827c16d76d0ffe564e66e0160
*** Element info: {Using=xpath, value=//div[@class=&amp;apos;ui loader&amp;apos;]//parent::div[contains(text(),&amp;apos;Contacts&amp;apos;)]}">
      <![CDATA[org.openqa.selenium.NoSuchElementException: no such element: Unable to locate element: {"method":"xpath","selector":"//div[@class='ui loader']//parent::div[contains(text(),'Contacts')]"}
  (Session info: chrome=91.0.4472.77)
For documentation on this error, please visit: http://seleniumhq.org/exceptions/no_such_element.html
Build info: version: '3.14.0', revision: 'aacccce0', time: '2018-08-02T20:19:58.91Z'
System info: host: 'DESKTOP-4K45F5E', ip: '192.168.1.7', os.name: 'Windows 10', os.arch: 'amd64', os.version: '10.0', java.version: '15.0.2'
Driver info: org.openqa.selenium.chrome.ChromeDriver
Capabilities {acceptInsecureCerts: false, browserName: chrome, browserVersion: 91.0.4472.77, chrome: {chromedriverVersion: 90.0.4430.24 (4c6d850f087da..., userDataDir: C:\Users\RITUGA~1\AppData\L...}, goog:chromeOptions: {debuggerAddress: localhost:50116}, javascriptEnabled: true, networkConnectionEnabled: false, pageLoadStrategy: normal, platform: WINDOWS, platformName: WINDOWS, proxy: Proxy(), setWindowRect: true, strictFileInteractability: false, timeouts: {implicit: 0, pageLoad: 300000, script: 30000}, unhandledPromptBehavior: dismiss and notify, webauthn:extension:largeBlob: true, webauthn:virtualAuthenticators: true}
Session ID: 2159df6827c16d76d0ffe564e66e0160
*** Element info: {Using=xpath, value=//div[@class='ui loader']//parent::div[contains(text(),'Contacts')]}
	at org.openqa.selenium.remote.http.W3CHttpResponseCodec.createException(W3CHttpResponseCodec.java:187)
	at org.openqa.selenium.remote.http.W3CHttpResponseCodec.decode(W3CHttpResponseCodec.java:122)
	at org.openqa.selenium.remote.http.W3CHttpResponseCodec.decode(W3CHttpResponseCodec.java:49)
	at org.openqa.selenium.remote.HttpCommandExecutor.execute(HttpCommandExecutor.java:158)
	at org.openqa.selenium.remote.service.DriverCommandExecutor.execute(DriverCommandExecutor.java:83)
	at org.openqa.selenium.remote.RemoteWebDriver.execute(RemoteWebDriver.java:548)
	at org.openqa.selenium.remote.RemoteWebDriver.findElement(RemoteWebDriver.java:322)
	at org.openqa.selenium.remote.RemoteWebDriver.findElementByXPath(RemoteWebDriver.java:424)
	at org.openqa.selenium.By$ByXPath.findElement(By.java:353)
	at org.openqa.selenium.remote.RemoteWebDriver.findElement(RemoteWebDriver.java:314)
	at org.openqa.selenium.support.pagefactory.DefaultElementLocator.findElement(DefaultElementLocator.java:69)
	at org.openqa.selenium.support.pagefactory.internal.LocatingElementHandler.invoke(LocatingElementHandler.java:38)
	at com.sun.proxy.$Proxy14.isDisplayed(Unknown Source)
	at com.eportal.qa.pages.ContactsPage.getContactsLabel(ContactsPage.java:36)
	at com.eportal.qa.testcases.ContactsPageTest.ValidateifContactsLabelpresent(ContactsPageTest.java:51)
... Removed 30 stack frames]]>
    </failure>
  </testcase> <!-- ValidateifContactsLabelpresent -->
  <testcase classname="com.eportal.qa.testcases.LoginPageTest" name="ValidateLoginFunctionality" time="1.126"/>
  <testcase classname="com.eportal.qa.testcases.HomePageTest" name="ValidateContactsClick" time="0.0">
    <skipped/>
  </testcase> <!-- ValidateContactsClick -->
  <testcase classname="com.eportal.qa.testcases.ContactsPageTest" name="ValidateClickOnCreatNewcontact" time="0.161"/>
  <testcase classname="com.eportal.qa.testcases.ContactsPageTest" name="validateclickoncontactstable" time="1.57">
    <failure type="org.openqa.selenium.ElementClickInterceptedException" message="element click intercepted: Element &amp;lt;input class=&amp;quot;hidden&amp;quot; name=&amp;quot;id&amp;quot; readonly=&amp;quot;&amp;quot; tabindex=&amp;quot;0&amp;quot; type=&amp;quot;checkbox&amp;quot; value=&amp;quot;&amp;quot;&amp;gt; is not clickable at point (69, 298). Other element would receive the click: &amp;lt;label&amp;gt;&amp;lt;/label&amp;gt;
  (Session info: chrome=91.0.4472.77)
Build info: version: &amp;apos;3.14.0&amp;apos;, revision: &amp;apos;aacccce0&amp;apos;, time: &amp;apos;2018-08-02T20:19:58.91Z&amp;apos;
System info: host: &amp;apos;DESKTOP-4K45F5E&amp;apos;, ip: &amp;apos;192.168.1.7&amp;apos;, os.name: &amp;apos;Windows 10&amp;apos;, os.arch: &amp;apos;amd64&amp;apos;, os.version: &amp;apos;10.0&amp;apos;, java.version: &amp;apos;15.0.2&amp;apos;
Driver info: org.openqa.selenium.chrome.ChromeDriver
Capabilities {acceptInsecureCerts: false, browserName: chrome, browserVersion: 91.0.4472.77, chrome: {chromedriverVersion: 90.0.4430.24 (4c6d850f087da..., userDataDir: C:\Users\RITUGA~1\AppData\L...}, goog:chromeOptions: {debuggerAddress: localhost:53847}, javascriptEnabled: true, networkConnectionEnabled: false, pageLoadStrategy: normal, platform: WINDOWS, platformName: WINDOWS, proxy: Proxy(), setWindowRect: true, strictFileInteractability: false, timeouts: {implicit: 0, pageLoad: 300000, script: 30000}, unhandledPromptBehavior: dismiss and notify, webauthn:extension:largeBlob: true, webauthn:virtualAuthenticators: true}
Session ID: e147aaab857aeb276eca5ec285021c2e">
      <![CDATA[org.openqa.selenium.ElementClickInterceptedException: element click intercepted: Element <input class="hidden" name="id" readonly="" tabindex="0" type="checkbox" value=""> is not clickable at point (69, 298). Other element would receive the click: <label></label>
  (Session info: chrome=91.0.4472.77)
Build info: version: '3.14.0', revision: 'aacccce0', time: '2018-08-02T20:19:58.91Z'
System info: host: 'DESKTOP-4K45F5E', ip: '192.168.1.7', os.name: 'Windows 10', os.arch: 'amd64', os.version: '10.0', java.version: '15.0.2'
Driver info: org.openqa.selenium.chrome.ChromeDriver
Capabilities {acceptInsecureCerts: false, browserName: chrome, browserVersion: 91.0.4472.77, chrome: {chromedriverVersion: 90.0.4430.24 (4c6d850f087da..., userDataDir: C:\Users\RITUGA~1\AppData\L...}, goog:chromeOptions: {debuggerAddress: localhost:53847}, javascriptEnabled: true, networkConnectionEnabled: false, pageLoadStrategy: normal, platform: WINDOWS, platformName: WINDOWS, proxy: Proxy(), setWindowRect: true, strictFileInteractability: false, timeouts: {implicit: 0, pageLoad: 300000, script: 30000}, unhandledPromptBehavior: dismiss and notify, webauthn:extension:largeBlob: true, webauthn:virtualAuthenticators: true}
Session ID: e147aaab857aeb276eca5ec285021c2e
	at org.openqa.selenium.remote.http.W3CHttpResponseCodec.createException(W3CHttpResponseCodec.java:187)
	at org.openqa.selenium.remote.http.W3CHttpResponseCodec.decode(W3CHttpResponseCodec.java:122)
	at org.openqa.selenium.remote.http.W3CHttpResponseCodec.decode(W3CHttpResponseCodec.java:49)
	at org.openqa.selenium.remote.HttpCommandExecutor.execute(HttpCommandExecutor.java:158)
	at org.openqa.selenium.remote.service.DriverCommandExecutor.execute(DriverCommandExecutor.java:83)
	at org.openqa.selenium.remote.RemoteWebDriver.execute(RemoteWebDriver.java:548)
	at org.openqa.selenium.remote.RemoteWebElement.execute(RemoteWebElement.java:276)
	at org.openqa.selenium.remote.RemoteWebElement.click(RemoteWebElement.java:83)
	at com.eportal.qa.pages.ContactsPage.selectContactsByName(ContactsPage.java:41)
	at com.eportal.qa.testcases.ContactsPageTest.validateclickoncontactstable(ContactsPageTest.java:58)
... Removed 30 stack frames]]>
    </failure>
  </testcase> <!-- validateclickoncontactstable -->
</testsuite> <!-- Different pages feature Test -->
